/home/swagat/anaconda3/envs/lerobot_v040/lib/python3.10/site-packages/pydantic/_internal/_generate_schema.py:2249: UnsupportedFieldAttributeWarning: The 'repr' attribute with value False was provided to the `Field()` function, which has no effect in the context it was used. 'repr' is field-specific metadata, and can only be attached to a model field using `Annotated` metadata or by assignment. This may have happened because an `Annotated` type alias using the `type` statement was used, or if the `Field()` function was attached to a single member of a union type.
  warnings.warn(
/home/swagat/anaconda3/envs/lerobot_v040/lib/python3.10/site-packages/pydantic/_internal/_generate_schema.py:2249: UnsupportedFieldAttributeWarning: The 'frozen' attribute with value True was provided to the `Field()` function, which has no effect in the context it was used. 'frozen' is field-specific metadata, and can only be attached to a model field using `Annotated` metadata or by assignment. This may have happened because an `Annotated` type alias using the `type` statement was used, or if the `Field()` function was attached to a single member of a union type.
  warnings.warn(
/home/swagat/anaconda3/envs/lerobot_v040/lib/python3.10/site-packages/timm/models/layers/__init__.py:49: DeprecationWarning: Importing from timm.models.layers is deprecated, please import via timm.layers
  warnings.warn(f"Importing from {__name__} is deprecated, please import via timm.layers", DeprecationWarning)
--- Power Lock Active: SAC Online RL ---
--- Power profile set to 'performance' (was 'performance') ---
[preset] Applied hard-task SAC preset.
[SACResidualVLA] Loading frozen base policy from: HuggingFaceVLA/smolvla_libero
Loading  HuggingFaceTB/SmolVLM2-500M-Instruct weights ...
`torch_dtype` is deprecated! Use `dtype` instead!
[SACResidualVLA] Initializing trainable residual actor and critics...
[info] using task orders [0, 1, 2, 3, 4, 5, 6, 7, 8, 9]
[alpha] auto tuning enabled, target_entropy=-7.000
[preflight] skipped because --resume_training is enabled
[wandb] using run_id=jr5rcna6
[wandb] project=efficient_vla_rl group=sac_task_0 name=sac_task0_seed2
wandb: Currently logged in as: swagatk to https://api.wandb.ai. Use `wandb login --relogin` to force relogin
/home/swagat/anaconda3/envs/lerobot_v040/lib/python3.10/site-packages/wandb/analytics/sentry.py:263: DeprecationWarning: The `Scope.user` setter is deprecated in favor of `Scope.set_user()`.
  self.scope.user = {"email": email}
wandb: creating run
/home/swagat/anaconda3/envs/lerobot_v040/lib/python3.10/site-packages/wandb/analytics/sentry.py:263: DeprecationWarning: The `Scope.user` setter is deprecated in favor of `Scope.set_user()`.
  self.scope.user = {"email": email}
wandb: Tracking run with wandb version 0.21.4
wandb: Run data is saved locally in /home/swagat/GIT/efficient_vla/wandb/run-20260520_005243-jr5rcna6
wandb: Run `wandb offline` to turn off syncing.
wandb: Syncing run sac_task0_seed2
wandb: ⭐️ View project at https://wandb.ai/swagatk/efficient_vla_rl
wandb: 🚀 View run at https://wandb.ai/swagatk/efficient_vla_rl/runs/jr5rcna6
Ep 0: Reward: -4.71, Steps: 520
[progress] seed=2 [------------------------] ep=1/100 success_mean20=0.000 success_mean=0.000
Ep 1: Reward: -4.52, Steps: 520
[progress] seed=2 [------------------------] ep=2/100 success_mean20=0.000 success_mean=0.000
Ep 2: Reward: -4.76, Steps: 520
[progress] seed=2 [#-----------------------] ep=3/100 success_mean20=0.000 success_mean=0.000
Ep 3: Reward: -3.77, Steps: 520
[progress] seed=2 [#-----------------------] ep=4/100 success_mean20=0.000 success_mean=0.000
Ep 4: Reward: -4.32, Steps: 520
[progress] seed=2 [#-----------------------] ep=5/100 success_mean20=0.000 success_mean=0.000
[ckpt] saved: /home/swagat/GIT/efficient_vla/outputs/sac_3seed/task_0/seed_2/checkpoints_task_0/latest_checkpoint.pt
[ckpt] saved: /home/swagat/GIT/efficient_vla/outputs/sac_3seed/task_0/seed_2/checkpoints_task_0/checkpoint_ep_0004.pt
Ep 5: Reward: -4.49, Steps: 520
[progress] seed=2 [#-----------------------] ep=6/100 success_mean20=0.000 success_mean=0.000
Ep 6: Reward: -4.75, Steps: 520
[progress] seed=2 [##----------------------] ep=7/100 success_mean20=0.000 success_mean=0.000
Ep 7: Reward: -4.57, Steps: 520
[progress] seed=2 [##----------------------] ep=8/100 success_mean20=0.000 success_mean=0.000
Ep 8: Reward: -4.78, Steps: 520
[progress] seed=2 [##----------------------] ep=9/100 success_mean20=0.000 success_mean=0.000
Ep 9: Reward: -4.80, Steps: 520
[progress] seed=2 [##----------------------] ep=10/100 success_mean20=0.000 success_mean=0.000
[ckpt] saved: /home/swagat/GIT/efficient_vla/outputs/sac_3seed/task_0/seed_2/checkpoints_task_0/latest_checkpoint.pt
[ckpt] saved: /home/swagat/GIT/efficient_vla/outputs/sac_3seed/task_0/seed_2/checkpoints_task_0/checkpoint_ep_0009.pt
Ep 10: Reward: -4.09, Steps: 520
[progress] seed=2 [###---------------------] ep=11/100 success_mean20=0.000 success_mean=0.000
Ep 11: Reward: -4.31, Steps: 520
[progress] seed=2 [###---------------------] ep=12/100 success_mean20=0.000 success_mean=0.000
Ep 12: Reward: 19.66, Steps: 353
[progress] seed=2 [###---------------------] ep=13/100 success_mean20=0.077 success_mean=0.077
Ep 13: Reward: -4.84, Steps: 520
[progress] seed=2 [###---------------------] ep=14/100 success_mean20=0.071 success_mean=0.071
Ep 14: Reward: -4.68, Steps: 520
[progress] seed=2 [####--------------------] ep=15/100 success_mean20=0.067 success_mean=0.067
[ckpt] saved: /home/swagat/GIT/efficient_vla/outputs/sac_3seed/task_0/seed_2/checkpoints_task_0/latest_checkpoint.pt
[ckpt] saved: /home/swagat/GIT/efficient_vla/outputs/sac_3seed/task_0/seed_2/checkpoints_task_0/checkpoint_ep_0014.pt
Ep 15: Reward: -4.66, Steps: 520
[progress] seed=2 [####--------------------] ep=16/100 success_mean20=0.062 success_mean=0.062
Ep 16: Reward: -4.10, Steps: 520
[progress] seed=2 [####--------------------] ep=17/100 success_mean20=0.059 success_mean=0.059
Ep 17: Reward: -4.72, Steps: 520
[progress] seed=2 [####--------------------] ep=18/100 success_mean20=0.056 success_mean=0.056
Ep 18: Reward: -4.54, Steps: 520
[progress] seed=2 [#####-------------------] ep=19/100 success_mean20=0.053 success_mean=0.053
Ep 19: Reward: -4.72, Steps: 520
[progress] seed=2 [#####-------------------] ep=20/100 success_mean20=0.050 success_mean=0.050
[ckpt] saved: /home/swagat/GIT/efficient_vla/outputs/sac_3seed/task_0/seed_2/checkpoints_task_0/latest_checkpoint.pt
[ckpt] saved: /home/swagat/GIT/efficient_vla/outputs/sac_3seed/task_0/seed_2/checkpoints_task_0/checkpoint_ep_0019.pt
Ep 20: Reward: -4.81, Steps: 520
[progress] seed=2 [#####-------------------] ep=21/100 success_mean20=0.050 success_mean=0.048
Ep 21: Reward: -4.29, Steps: 520
[progress] seed=2 [#####-------------------] ep=22/100 success_mean20=0.050 success_mean=0.045
Ep 22: Reward: -4.50, Steps: 520
[progress] seed=2 [######------------------] ep=23/100 success_mean20=0.050 success_mean=0.043
Ep 23: Reward: -4.43, Steps: 520
[progress] seed=2 [######------------------] ep=24/100 success_mean20=0.050 success_mean=0.042
Ep 24: Reward: -4.19, Steps: 520
[progress] seed=2 [######------------------] ep=25/100 success_mean20=0.050 success_mean=0.040
[ckpt] saved: /home/swagat/GIT/efficient_vla/outputs/sac_3seed/task_0/seed_2/checkpoints_task_0/latest_checkpoint.pt
[ckpt] saved: /home/swagat/GIT/efficient_vla/outputs/sac_3seed/task_0/seed_2/checkpoints_task_0/checkpoint_ep_0024.pt
Ep 25: Reward: -3.45, Steps: 520
[progress] seed=2 [######------------------] ep=26/100 success_mean20=0.050 success_mean=0.038
Ep 26: Reward: -5.18, Steps: 520
[progress] seed=2 [######------------------] ep=27/100 success_mean20=0.050 success_mean=0.037
Ep 27: Reward: -5.02, Steps: 520
[progress] seed=2 [#######-----------------] ep=28/100 success_mean20=0.050 success_mean=0.036
Ep 28: Reward: -4.75, Steps: 520
[progress] seed=2 [#######-----------------] ep=29/100 success_mean20=0.050 success_mean=0.034
Ep 29: Reward: -4.81, Steps: 520
[progress] seed=2 [#######-----------------] ep=30/100 success_mean20=0.050 success_mean=0.033
[ckpt] saved: /home/swagat/GIT/efficient_vla/outputs/sac_3seed/task_0/seed_2/checkpoints_task_0/latest_checkpoint.pt
[ckpt] saved: /home/swagat/GIT/efficient_vla/outputs/sac_3seed/task_0/seed_2/checkpoints_task_0/checkpoint_ep_0029.pt
Ep 30: Reward: -4.92, Steps: 520
[progress] seed=2 [#######-----------------] ep=31/100 success_mean20=0.050 success_mean=0.032
Ep 31: Reward: -3.96, Steps: 520
[progress] seed=2 [########----------------] ep=32/100 success_mean20=0.050 success_mean=0.031
Ep 32: Reward: -4.24, Steps: 520
[progress] seed=2 [########----------------] ep=33/100 success_mean20=0.000 success_mean=0.030
Ep 33: Reward: -4.86, Steps: 520
[progress] seed=2 [########----------------] ep=34/100 success_mean20=0.000 success_mean=0.029
Ep 34: Reward: -4.71, Steps: 520
[progress] seed=2 [########----------------] ep=35/100 success_mean20=0.000 success_mean=0.029
[ckpt] saved: /home/swagat/GIT/efficient_vla/outputs/sac_3seed/task_0/seed_2/checkpoints_task_0/latest_checkpoint.pt
[ckpt] saved: /home/swagat/GIT/efficient_vla/outputs/sac_3seed/task_0/seed_2/checkpoints_task_0/checkpoint_ep_0034.pt
Ep 35: Reward: -4.42, Steps: 520
[progress] seed=2 [#########---------------] ep=36/100 success_mean20=0.000 success_mean=0.028
Ep 36: Reward: -4.85, Steps: 520
[progress] seed=2 [#########---------------] ep=37/100 success_mean20=0.000 success_mean=0.027
Ep 37: Reward: -4.92, Steps: 520
[progress] seed=2 [#########---------------] ep=38/100 success_mean20=0.000 success_mean=0.026
Ep 38: Reward: -4.42, Steps: 520
[progress] seed=2 [#########---------------] ep=39/100 success_mean20=0.000 success_mean=0.026
Ep 39: Reward: -3.92, Steps: 520
[progress] seed=2 [##########--------------] ep=40/100 success_mean20=0.000 success_mean=0.025
[ckpt] saved: /home/swagat/GIT/efficient_vla/outputs/sac_3seed/task_0/seed_2/checkpoints_task_0/latest_checkpoint.pt
[ckpt] saved: /home/swagat/GIT/efficient_vla/outputs/sac_3seed/task_0/seed_2/checkpoints_task_0/checkpoint_ep_0039.pt
Ep 40: Reward: -5.44, Steps: 520
[progress] seed=2 [##########--------------] ep=41/100 success_mean20=0.000 success_mean=0.024
Ep 41: Reward: -4.44, Steps: 520
[progress] seed=2 [##########--------------] ep=42/100 success_mean20=0.000 success_mean=0.024
Ep 42: Reward: -4.89, Steps: 520
[progress] seed=2 [##########--------------] ep=43/100 success_mean20=0.000 success_mean=0.023
Ep 43: Reward: -4.23, Steps: 520
[progress] seed=2 [###########-------------] ep=44/100 success_mean20=0.000 success_mean=0.023
Ep 44: Reward: 18.50, Steps: 391
[progress] seed=2 [###########-------------] ep=45/100 success_mean20=0.050 success_mean=0.044
[ckpt] saved: /home/swagat/GIT/efficient_vla/outputs/sac_3seed/task_0/seed_2/checkpoints_task_0/latest_checkpoint.pt
[ckpt] saved: /home/swagat/GIT/efficient_vla/outputs/sac_3seed/task_0/seed_2/checkpoints_task_0/checkpoint_ep_0044.pt
Ep 45: Reward: -4.41, Steps: 520
[progress] seed=2 [###########-------------] ep=46/100 success_mean20=0.050 success_mean=0.043
Ep 46: Reward: -4.17, Steps: 520
[progress] seed=2 [###########-------------] ep=47/100 success_mean20=0.050 success_mean=0.043
Ep 47: Reward: -5.00, Steps: 520
[progress] seed=2 [############------------] ep=48/100 success_mean20=0.050 success_mean=0.042
Ep 48: Reward: -4.83, Steps: 520
[progress] seed=2 [############------------] ep=49/100 success_mean20=0.050 success_mean=0.041
Ep 49: Reward: -4.72, Steps: 520
[progress] seed=2 [############------------] ep=50/100 success_mean20=0.050 success_mean=0.040
[ckpt] saved: /home/swagat/GIT/efficient_vla/outputs/sac_3seed/task_0/seed_2/checkpoints_task_0/latest_checkpoint.pt
[ckpt] saved: /home/swagat/GIT/efficient_vla/outputs/sac_3seed/task_0/seed_2/checkpoints_task_0/checkpoint_ep_0049.pt
Ep 50: Reward: -4.70, Steps: 520
[progress] seed=2 [############------------] ep=51/100 success_mean20=0.050 success_mean=0.039
Ep 51: Reward: -4.40, Steps: 520
[progress] seed=2 [############------------] ep=52/100 success_mean20=0.050 success_mean=0.038
Ep 52: Reward: -4.51, Steps: 520
[progress] seed=2 [#############-----------] ep=53/100 success_mean20=0.050 success_mean=0.038
Ep 53: Reward: -4.75, Steps: 520
[progress] seed=2 [#############-----------] ep=54/100 success_mean20=0.050 success_mean=0.037
Ep 54: Reward: -4.35, Steps: 520
[progress] seed=2 [#############-----------] ep=55/100 success_mean20=0.050 success_mean=0.036
[ckpt] saved: /home/swagat/GIT/efficient_vla/outputs/sac_3seed/task_0/seed_2/checkpoints_task_0/latest_checkpoint.pt
[ckpt] saved: /home/swagat/GIT/efficient_vla/outputs/sac_3seed/task_0/seed_2/checkpoints_task_0/checkpoint_ep_0054.pt
Ep 55: Reward: -4.21, Steps: 520
[progress] seed=2 [#############-----------] ep=56/100 success_mean20=0.050 success_mean=0.036
Ep 56: Reward: -4.93, Steps: 520
[progress] seed=2 [##############----------] ep=57/100 success_mean20=0.050 success_mean=0.035
Ep 57: Reward: -4.86, Steps: 520
[progress] seed=2 [##############----------] ep=58/100 success_mean20=0.050 success_mean=0.034
Ep 58: Reward: -4.71, Steps: 520
[progress] seed=2 [##############----------] ep=59/100 success_mean20=0.050 success_mean=0.034
Ep 59: Reward: -4.78, Steps: 520
[progress] seed=2 [##############----------] ep=60/100 success_mean20=0.050 success_mean=0.033
[ckpt] saved: /home/swagat/GIT/efficient_vla/outputs/sac_3seed/task_0/seed_2/checkpoints_task_0/latest_checkpoint.pt
[ckpt] saved: /home/swagat/GIT/efficient_vla/outputs/sac_3seed/task_0/seed_2/checkpoints_task_0/checkpoint_ep_0059.pt
Ep 60: Reward: -4.43, Steps: 520
[progress] seed=2 [###############---------] ep=61/100 success_mean20=0.050 success_mean=0.033
Ep 61: Reward: -4.32, Steps: 520
[progress] seed=2 [###############---------] ep=62/100 success_mean20=0.050 success_mean=0.032
Ep 62: Reward: -4.72, Steps: 520
[progress] seed=2 [###############---------] ep=63/100 success_mean20=0.050 success_mean=0.032
Ep 63: Reward: -4.54, Steps: 520
[progress] seed=2 [###############---------] ep=64/100 success_mean20=0.050 success_mean=0.031
Ep 64: Reward: -5.40, Steps: 520
[progress] seed=2 [################--------] ep=65/100 success_mean20=0.000 success_mean=0.031
[ckpt] saved: /home/swagat/GIT/efficient_vla/outputs/sac_3seed/task_0/seed_2/checkpoints_task_0/latest_checkpoint.pt
[ckpt] saved: /home/swagat/GIT/efficient_vla/outputs/sac_3seed/task_0/seed_2/checkpoints_task_0/checkpoint_ep_0064.pt
Ep 65: Reward: -4.87, Steps: 520
[progress] seed=2 [################--------] ep=66/100 success_mean20=0.000 success_mean=0.030
Ep 66: Reward: -5.25, Steps: 520
[progress] seed=2 [################--------] ep=67/100 success_mean20=0.000 success_mean=0.030
Ep 67: Reward: -4.40, Steps: 520
[progress] seed=2 [################--------] ep=68/100 success_mean20=0.000 success_mean=0.029
Ep 68: Reward: -4.45, Steps: 520
[progress] seed=2 [#################-------] ep=69/100 success_mean20=0.000 success_mean=0.029
Ep 69: Reward: -4.94, Steps: 520
[progress] seed=2 [#################-------] ep=70/100 success_mean20=0.000 success_mean=0.029
[ckpt] saved: /home/swagat/GIT/efficient_vla/outputs/sac_3seed/task_0/seed_2/checkpoints_task_0/latest_checkpoint.pt
[ckpt] saved: /home/swagat/GIT/efficient_vla/outputs/sac_3seed/task_0/seed_2/checkpoints_task_0/checkpoint_ep_0069.pt
Ep 70: Reward: -4.80, Steps: 520
[progress] seed=2 [#################-------] ep=71/100 success_mean20=0.000 success_mean=0.028
Ep 71: Reward: -5.15, Steps: 520
[progress] seed=2 [#################-------] ep=72/100 success_mean20=0.000 success_mean=0.028
Ep 72: Reward: -5.16, Steps: 520
[progress] seed=2 [##################------] ep=73/100 success_mean20=0.000 success_mean=0.027
Ep 73: Reward: 19.43, Steps: 411
[progress] seed=2 [##################------] ep=74/100 success_mean20=0.050 success_mean=0.041
Ep 74: Reward: -4.48, Steps: 520
[progress] seed=2 [##################------] ep=75/100 success_mean20=0.050 success_mean=0.040
[ckpt] saved: /home/swagat/GIT/efficient_vla/outputs/sac_3seed/task_0/seed_2/checkpoints_task_0/latest_checkpoint.pt
[ckpt] saved: /home/swagat/GIT/efficient_vla/outputs/sac_3seed/task_0/seed_2/checkpoints_task_0/checkpoint_ep_0074.pt
Ep 75: Reward: -4.33, Steps: 520
[progress] seed=2 [##################------] ep=76/100 success_mean20=0.050 success_mean=0.039
Ep 76: Reward: -4.37, Steps: 520
[progress] seed=2 [##################------] ep=77/100 success_mean20=0.050 success_mean=0.039
Ep 77: Reward: -4.75, Steps: 520
[progress] seed=2 [###################-----] ep=78/100 success_mean20=0.050 success_mean=0.038
Ep 78: Reward: -5.03, Steps: 520
[progress] seed=2 [###################-----] ep=79/100 success_mean20=0.050 success_mean=0.038
Ep 79: Reward: -5.26, Steps: 520
[progress] seed=2 [###################-----] ep=80/100 success_mean20=0.050 success_mean=0.037
[ckpt] saved: /home/swagat/GIT/efficient_vla/outputs/sac_3seed/task_0/seed_2/checkpoints_task_0/latest_checkpoint.pt
[ckpt] saved: /home/swagat/GIT/efficient_vla/outputs/sac_3seed/task_0/seed_2/checkpoints_task_0/checkpoint_ep_0079.pt
Ep 80: Reward: -4.56, Steps: 520
[progress] seed=2 [###################-----] ep=81/100 success_mean20=0.050 success_mean=0.037
Ep 81: Reward: -4.69, Steps: 520
[progress] seed=2 [####################----] ep=82/100 success_mean20=0.050 success_mean=0.037
Ep 82: Reward: -4.52, Steps: 520
[progress] seed=2 [####################----] ep=83/100 success_mean20=0.050 success_mean=0.036
Ep 83: Reward: -4.36, Steps: 520
[progress] seed=2 [####################----] ep=84/100 success_mean20=0.050 success_mean=0.036
Ep 84: Reward: -3.90, Steps: 520
[progress] seed=2 [####################----] ep=85/100 success_mean20=0.050 success_mean=0.035
[ckpt] saved: /home/swagat/GIT/efficient_vla/outputs/sac_3seed/task_0/seed_2/checkpoints_task_0/latest_checkpoint.pt
[ckpt] saved: /home/swagat/GIT/efficient_vla/outputs/sac_3seed/task_0/seed_2/checkpoints_task_0/checkpoint_ep_0084.pt
Ep 85: Reward: -4.40, Steps: 520
[progress] seed=2 [#####################---] ep=86/100 success_mean20=0.050 success_mean=0.035
Ep 86: Reward: -4.76, Steps: 520
[progress] seed=2 [#####################---] ep=87/100 success_mean20=0.050 success_mean=0.034
Ep 87: Reward: -4.59, Steps: 520
[progress] seed=2 [#####################---] ep=88/100 success_mean20=0.050 success_mean=0.034
Ep 88: Reward: -4.95, Steps: 520
[progress] seed=2 [#####################---] ep=89/100 success_mean20=0.050 success_mean=0.034
Ep 89: Reward: -4.71, Steps: 520
[progress] seed=2 [######################--] ep=90/100 success_mean20=0.050 success_mean=0.033
[ckpt] saved: /home/swagat/GIT/efficient_vla/outputs/sac_3seed/task_0/seed_2/checkpoints_task_0/latest_checkpoint.pt
[ckpt] saved: /home/swagat/GIT/efficient_vla/outputs/sac_3seed/task_0/seed_2/checkpoints_task_0/checkpoint_ep_0089.pt
Ep 90: Reward: -4.49, Steps: 520
[progress] seed=2 [######################--] ep=91/100 success_mean20=0.050 success_mean=0.033
Ep 91: Reward: -4.24, Steps: 520
[progress] seed=2 [######################--] ep=92/100 success_mean20=0.050 success_mean=0.033
Ep 92: Reward: -4.38, Steps: 520
[progress] seed=2 [######################--] ep=93/100 success_mean20=0.050 success_mean=0.032
Ep 93: Reward: -4.34, Steps: 520
[progress] seed=2 [#######################-] ep=94/100 success_mean20=0.000 success_mean=0.032
Ep 94: Reward: -4.96, Steps: 520
[progress] seed=2 [#######################-] ep=95/100 success_mean20=0.000 success_mean=0.032
[ckpt] saved: /home/swagat/GIT/efficient_vla/outputs/sac_3seed/task_0/seed_2/checkpoints_task_0/latest_checkpoint.pt
[ckpt] saved: /home/swagat/GIT/efficient_vla/outputs/sac_3seed/task_0/seed_2/checkpoints_task_0/checkpoint_ep_0094.pt
Ep 95: Reward: -4.25, Steps: 520
[progress] seed=2 [#######################-] ep=96/100 success_mean20=0.000 success_mean=0.031
Ep 96: Reward: -5.16, Steps: 520
[progress] seed=2 [#######################-] ep=97/100 success_mean20=0.000 success_mean=0.031
Ep 97: Reward: -4.97, Steps: 520
[progress] seed=2 [########################] ep=98/100 success_mean20=0.000 success_mean=0.031
Ep 98: Reward: -4.80, Steps: 520
[progress] seed=2 [########################] ep=99/100 success_mean20=0.000 success_mean=0.030
Ep 99: Reward: -4.93, Steps: 520
[progress] seed=2 [########################] ep=100/100 success_mean20=0.000 success_mean=0.030
[ckpt] saved: /home/swagat/GIT/efficient_vla/outputs/sac_3seed/task_0/seed_2/checkpoints_task_0/latest_checkpoint.pt
[ckpt] saved: /home/swagat/GIT/efficient_vla/outputs/sac_3seed/task_0/seed_2/checkpoints_task_0/checkpoint_ep_0099.pt
[ckpt] saved: /home/swagat/GIT/efficient_vla/outputs/sac_3seed/task_0/seed_2/checkpoints_task_0/latest_checkpoint.pt
[ckpt] saved: /home/swagat/GIT/efficient_vla/outputs/sac_3seed/task_0/seed_2/checkpoints_task_0/checkpoint_ep_0099.pt
--- Power Lock Released ---
--- Power profile restored to 'performance' ---
[1;34mwandb[0m: 
[1;34mwandb[0m: 🚀 View run [33msac_task0_seed2[0m at: [34m[0m
[1;34mwandb[0m: Find logs at: [1;35mwandb/run-20260520_005243-jr5rcna6/logs[0m
