/home/swagat/anaconda3/envs/lerobot_v040/lib/python3.10/site-packages/pydantic/_internal/_generate_schema.py:2249: UnsupportedFieldAttributeWarning: The 'repr' attribute with value False was provided to the `Field()` function, which has no effect in the context it was used. 'repr' is field-specific metadata, and can only be attached to a model field using `Annotated` metadata or by assignment. This may have happened because an `Annotated` type alias using the `type` statement was used, or if the `Field()` function was attached to a single member of a union type.
  warnings.warn(
/home/swagat/anaconda3/envs/lerobot_v040/lib/python3.10/site-packages/pydantic/_internal/_generate_schema.py:2249: UnsupportedFieldAttributeWarning: The 'frozen' attribute with value True was provided to the `Field()` function, which has no effect in the context it was used. 'frozen' is field-specific metadata, and can only be attached to a model field using `Annotated` metadata or by assignment. This may have happened because an `Annotated` type alias using the `type` statement was used, or if the `Field()` function was attached to a single member of a union type.
  warnings.warn(
/home/swagat/anaconda3/envs/lerobot_v040/lib/python3.10/site-packages/timm/models/layers/__init__.py:49: DeprecationWarning: Importing from timm.models.layers is deprecated, please import via timm.layers
  warnings.warn(f"Importing from {__name__} is deprecated, please import via timm.layers", DeprecationWarning)
--- Power Lock Active: SAC Online RL ---
--- Power profile set to 'performance' (was 'balanced') ---
[SACResidualVLA] Loading frozen base policy from: HuggingFaceVLA/smolvla_libero
Loading  HuggingFaceTB/SmolVLM2-500M-Instruct weights ...
`torch_dtype` is deprecated! Use `dtype` instead!
[SACResidualVLA] Initializing trainable residual actor and critics...
[info] using task orders [0, 1, 2, 3, 4, 5, 6, 7, 8, 9]
[preflight] skipped because --resume_training is enabled
[wandb] using run_id=koiiguul
[wandb] project=efficient_vla_rl group=sac_task_3 name=sac_task3_seed1
wandb: Currently logged in as: swagatk to https://api.wandb.ai. Use `wandb login --relogin` to force relogin
/home/swagat/anaconda3/envs/lerobot_v040/lib/python3.10/site-packages/wandb/analytics/sentry.py:263: DeprecationWarning: The `Scope.user` setter is deprecated in favor of `Scope.set_user()`.
  self.scope.user = {"email": email}
wandb: creating run
/home/swagat/anaconda3/envs/lerobot_v040/lib/python3.10/site-packages/wandb/analytics/sentry.py:263: DeprecationWarning: The `Scope.user` setter is deprecated in favor of `Scope.set_user()`.
  self.scope.user = {"email": email}
wandb: Tracking run with wandb version 0.21.4
wandb: Run data is saved locally in /home/swagat/GIT/efficient_vla/wandb/run-20260516_225612-koiiguul
wandb: Run `wandb offline` to turn off syncing.
wandb: Syncing run sac_task3_seed1
wandb: ⭐️ View project at https://wandb.ai/swagatk/efficient_vla_rl
wandb: 🚀 View run at https://wandb.ai/swagatk/efficient_vla_rl/runs/koiiguul
Ep 0: Reward: 17.09, Steps: 392
[progress] seed=1 [------------------------] ep=1/100 success_mean20=1.000 success_mean=1.000
Ep 1: Reward: -5.20, Steps: 520
[progress] seed=1 [------------------------] ep=2/100 success_mean20=0.500 success_mean=0.500
Ep 2: Reward: 16.88, Steps: 413
[progress] seed=1 [#-----------------------] ep=3/100 success_mean20=0.667 success_mean=0.667
Ep 3: Reward: 17.21, Steps: 380
[progress] seed=1 [#-----------------------] ep=4/100 success_mean20=0.750 success_mean=0.750
Ep 4: Reward: 16.84, Steps: 417
[progress] seed=1 [#-----------------------] ep=5/100 success_mean20=0.800 success_mean=0.800
[ckpt] saved: /home/swagat/GIT/efficient_vla/outputs/sac_3seed/task_3/seed_1/checkpoints_task_3/latest_checkpoint.pt
[ckpt] saved: /home/swagat/GIT/efficient_vla/outputs/sac_3seed/task_3/seed_1/checkpoints_task_3/checkpoint_ep_0004.pt
Ep 5: Reward: 17.10, Steps: 391
[progress] seed=1 [#-----------------------] ep=6/100 success_mean20=0.833 success_mean=0.833
Ep 6: Reward: 17.59, Steps: 342
[progress] seed=1 [##----------------------] ep=7/100 success_mean20=0.857 success_mean=0.857
Ep 7: Reward: -5.20, Steps: 520
[progress] seed=1 [##----------------------] ep=8/100 success_mean20=0.750 success_mean=0.750
Ep 8: Reward: 17.42, Steps: 359
[progress] seed=1 [##----------------------] ep=9/100 success_mean20=0.778 success_mean=0.778
Ep 9: Reward: 17.01, Steps: 400
[progress] seed=1 [##----------------------] ep=10/100 success_mean20=0.800 success_mean=0.800
[ckpt] saved: /home/swagat/GIT/efficient_vla/outputs/sac_3seed/task_3/seed_1/checkpoints_task_3/latest_checkpoint.pt
[ckpt] saved: /home/swagat/GIT/efficient_vla/outputs/sac_3seed/task_3/seed_1/checkpoints_task_3/checkpoint_ep_0009.pt
Ep 10: Reward: 17.00, Steps: 401
[progress] seed=1 [###---------------------] ep=11/100 success_mean20=0.818 success_mean=0.818
Ep 11: Reward: 17.41, Steps: 360
[progress] seed=1 [###---------------------] ep=12/100 success_mean20=0.833 success_mean=0.833
Ep 12: Reward: 17.03, Steps: 398
[progress] seed=1 [###---------------------] ep=13/100 success_mean20=0.846 success_mean=0.846
Ep 13: Reward: 16.67, Steps: 434
[progress] seed=1 [###---------------------] ep=14/100 success_mean20=0.857 success_mean=0.857
Ep 14: Reward: 17.31, Steps: 370
[progress] seed=1 [####--------------------] ep=15/100 success_mean20=0.867 success_mean=0.867
[ckpt] saved: /home/swagat/GIT/efficient_vla/outputs/sac_3seed/task_3/seed_1/checkpoints_task_3/latest_checkpoint.pt
[ckpt] saved: /home/swagat/GIT/efficient_vla/outputs/sac_3seed/task_3/seed_1/checkpoints_task_3/checkpoint_ep_0014.pt
Ep 15: Reward: 17.35, Steps: 366
[progress] seed=1 [####--------------------] ep=16/100 success_mean20=0.875 success_mean=0.875
Ep 16: Reward: -5.20, Steps: 520
[progress] seed=1 [####--------------------] ep=17/100 success_mean20=0.824 success_mean=0.824
Ep 17: Reward: -5.20, Steps: 520
[progress] seed=1 [####--------------------] ep=18/100 success_mean20=0.778 success_mean=0.778
Ep 18: Reward: 17.08, Steps: 393
[progress] seed=1 [#####-------------------] ep=19/100 success_mean20=0.789 success_mean=0.789
Ep 19: Reward: 16.79, Steps: 422
[progress] seed=1 [#####-------------------] ep=20/100 success_mean20=0.800 success_mean=0.800
[ckpt] saved: /home/swagat/GIT/efficient_vla/outputs/sac_3seed/task_3/seed_1/checkpoints_task_3/latest_checkpoint.pt
[ckpt] saved: /home/swagat/GIT/efficient_vla/outputs/sac_3seed/task_3/seed_1/checkpoints_task_3/checkpoint_ep_0019.pt
Ep 20: Reward: 16.47, Steps: 454
[progress] seed=1 [#####-------------------] ep=21/100 success_mean20=0.800 success_mean=0.810
Ep 21: Reward: -5.20, Steps: 520
[progress] seed=1 [#####-------------------] ep=22/100 success_mean20=0.800 success_mean=0.773
Ep 22: Reward: -5.20, Steps: 520
[progress] seed=1 [######------------------] ep=23/100 success_mean20=0.750 success_mean=0.739
Ep 23: Reward: 17.51, Steps: 350
[progress] seed=1 [######------------------] ep=24/100 success_mean20=0.750 success_mean=0.750
Ep 24: Reward: 17.33, Steps: 368
[progress] seed=1 [######------------------] ep=25/100 success_mean20=0.750 success_mean=0.760
[ckpt] saved: /home/swagat/GIT/efficient_vla/outputs/sac_3seed/task_3/seed_1/checkpoints_task_3/latest_checkpoint.pt
[ckpt] saved: /home/swagat/GIT/efficient_vla/outputs/sac_3seed/task_3/seed_1/checkpoints_task_3/checkpoint_ep_0024.pt
Ep 25: Reward: 16.87, Steps: 414
[progress] seed=1 [######------------------] ep=26/100 success_mean20=0.750 success_mean=0.769
Ep 26: Reward: 16.74, Steps: 427
[progress] seed=1 [######------------------] ep=27/100 success_mean20=0.750 success_mean=0.778
Ep 27: Reward: 16.96, Steps: 405
[progress] seed=1 [#######-----------------] ep=28/100 success_mean20=0.800 success_mean=0.786
Ep 28: Reward: 17.48, Steps: 353
[progress] seed=1 [#######-----------------] ep=29/100 success_mean20=0.800 success_mean=0.793
Ep 29: Reward: 16.79, Steps: 422
[progress] seed=1 [#######-----------------] ep=30/100 success_mean20=0.800 success_mean=0.800
[ckpt] saved: /home/swagat/GIT/efficient_vla/outputs/sac_3seed/task_3/seed_1/checkpoints_task_3/latest_checkpoint.pt
[ckpt] saved: /home/swagat/GIT/efficient_vla/outputs/sac_3seed/task_3/seed_1/checkpoints_task_3/checkpoint_ep_0029.pt
Ep 30: Reward: 17.21, Steps: 380
[progress] seed=1 [#######-----------------] ep=31/100 success_mean20=0.800 success_mean=0.806
Ep 31: Reward: 17.26, Steps: 375
[progress] seed=1 [########----------------] ep=32/100 success_mean20=0.800 success_mean=0.812
Ep 32: Reward: 17.10, Steps: 391
[progress] seed=1 [########----------------] ep=33/100 success_mean20=0.800 success_mean=0.818
Ep 33: Reward: 17.18, Steps: 383
[progress] seed=1 [########----------------] ep=34/100 success_mean20=0.800 success_mean=0.824
Ep 34: Reward: 16.22, Steps: 479
[progress] seed=1 [########----------------] ep=35/100 success_mean20=0.800 success_mean=0.829
[ckpt] saved: /home/swagat/GIT/efficient_vla/outputs/sac_3seed/task_3/seed_1/checkpoints_task_3/latest_checkpoint.pt
[ckpt] saved: /home/swagat/GIT/efficient_vla/outputs/sac_3seed/task_3/seed_1/checkpoints_task_3/checkpoint_ep_0034.pt
Ep 35: Reward: 16.08, Steps: 493
[progress] seed=1 [#########---------------] ep=36/100 success_mean20=0.800 success_mean=0.833
Ep 36: Reward: -5.20, Steps: 520
[progress] seed=1 [#########---------------] ep=37/100 success_mean20=0.800 success_mean=0.811
Ep 37: Reward: -5.20, Steps: 520
[progress] seed=1 [#########---------------] ep=38/100 success_mean20=0.800 success_mean=0.789
Ep 38: Reward: 17.20, Steps: 381
[progress] seed=1 [#########---------------] ep=39/100 success_mean20=0.800 success_mean=0.795
Ep 39: Reward: 17.54, Steps: 347
[progress] seed=1 [##########--------------] ep=40/100 success_mean20=0.800 success_mean=0.800
[ckpt] saved: /home/swagat/GIT/efficient_vla/outputs/sac_3seed/task_3/seed_1/checkpoints_task_3/latest_checkpoint.pt
[ckpt] saved: /home/swagat/GIT/efficient_vla/outputs/sac_3seed/task_3/seed_1/checkpoints_task_3/checkpoint_ep_0039.pt
Ep 40: Reward: -5.20, Steps: 520
[progress] seed=1 [##########--------------] ep=41/100 success_mean20=0.750 success_mean=0.780
Ep 41: Reward: 17.41, Steps: 360
[progress] seed=1 [##########--------------] ep=42/100 success_mean20=0.800 success_mean=0.786
Ep 42: Reward: 16.94, Steps: 407
[progress] seed=1 [##########--------------] ep=43/100 success_mean20=0.850 success_mean=0.791
Ep 43: Reward: -5.20, Steps: 520
[progress] seed=1 [###########-------------] ep=44/100 success_mean20=0.800 success_mean=0.773
Ep 44: Reward: 16.59, Steps: 442
[progress] seed=1 [###########-------------] ep=45/100 success_mean20=0.800 success_mean=0.778
[ckpt] saved: /home/swagat/GIT/efficient_vla/outputs/sac_3seed/task_3/seed_1/checkpoints_task_3/latest_checkpoint.pt
[ckpt] saved: /home/swagat/GIT/efficient_vla/outputs/sac_3seed/task_3/seed_1/checkpoints_task_3/checkpoint_ep_0044.pt
Ep 45: Reward: 16.71, Steps: 430
[progress] seed=1 [###########-------------] ep=46/100 success_mean20=0.800 success_mean=0.783
Ep 46: Reward: 16.15, Steps: 486
[progress] seed=1 [###########-------------] ep=47/100 success_mean20=0.800 success_mean=0.787
Ep 47: Reward: 16.69, Steps: 432
[progress] seed=1 [############------------] ep=48/100 success_mean20=0.800 success_mean=0.792
Ep 48: Reward: 17.44, Steps: 357
[progress] seed=1 [############------------] ep=49/100 success_mean20=0.800 success_mean=0.796
Ep 49: Reward: 17.09, Steps: 392
[progress] seed=1 [############------------] ep=50/100 success_mean20=0.800 success_mean=0.800
[ckpt] saved: /home/swagat/GIT/efficient_vla/outputs/sac_3seed/task_3/seed_1/checkpoints_task_3/latest_checkpoint.pt
[ckpt] saved: /home/swagat/GIT/efficient_vla/outputs/sac_3seed/task_3/seed_1/checkpoints_task_3/checkpoint_ep_0049.pt
Ep 50: Reward: 17.66, Steps: 335
[progress] seed=1 [############------------] ep=51/100 success_mean20=0.800 success_mean=0.804
Ep 51: Reward: 18.19, Steps: 282
[progress] seed=1 [############------------] ep=52/100 success_mean20=0.800 success_mean=0.808
Ep 52: Reward: 17.08, Steps: 393
[progress] seed=1 [#############-----------] ep=53/100 success_mean20=0.800 success_mean=0.811
Ep 53: Reward: 17.85, Steps: 316
[progress] seed=1 [#############-----------] ep=54/100 success_mean20=0.800 success_mean=0.815
Ep 54: Reward: 16.86, Steps: 415
[progress] seed=1 [#############-----------] ep=55/100 success_mean20=0.800 success_mean=0.818
[ckpt] saved: /home/swagat/GIT/efficient_vla/outputs/sac_3seed/task_3/seed_1/checkpoints_task_3/latest_checkpoint.pt
[ckpt] saved: /home/swagat/GIT/efficient_vla/outputs/sac_3seed/task_3/seed_1/checkpoints_task_3/checkpoint_ep_0054.pt
Ep 55: Reward: 16.53, Steps: 448
[progress] seed=1 [#############-----------] ep=56/100 success_mean20=0.800 success_mean=0.821
Ep 56: Reward: -5.20, Steps: 520
[progress] seed=1 [##############----------] ep=57/100 success_mean20=0.800 success_mean=0.807
Ep 57: Reward: 17.11, Steps: 390
[progress] seed=1 [##############----------] ep=58/100 success_mean20=0.850 success_mean=0.810
Ep 58: Reward: -5.20, Steps: 520
[progress] seed=1 [##############----------] ep=59/100 success_mean20=0.800 success_mean=0.797
Ep 59: Reward: 17.46, Steps: 355
[progress] seed=1 [##############----------] ep=60/100 success_mean20=0.800 success_mean=0.800
[ckpt] saved: /home/swagat/GIT/efficient_vla/outputs/sac_3seed/task_3/seed_1/checkpoints_task_3/latest_checkpoint.pt
[ckpt] saved: /home/swagat/GIT/efficient_vla/outputs/sac_3seed/task_3/seed_1/checkpoints_task_3/checkpoint_ep_0059.pt
Ep 60: Reward: 16.64, Steps: 437
[progress] seed=1 [###############---------] ep=61/100 success_mean20=0.850 success_mean=0.803
Ep 61: Reward: 16.34, Steps: 467
[progress] seed=1 [###############---------] ep=62/100 success_mean20=0.850 success_mean=0.806
Ep 62: Reward: 17.23, Steps: 378
[progress] seed=1 [###############---------] ep=63/100 success_mean20=0.850 success_mean=0.810
Ep 63: Reward: 15.98, Steps: 503
[progress] seed=1 [###############---------] ep=64/100 success_mean20=0.900 success_mean=0.812
Ep 64: Reward: 17.05, Steps: 396
[progress] seed=1 [################--------] ep=65/100 success_mean20=0.900 success_mean=0.815
[ckpt] saved: /home/swagat/GIT/efficient_vla/outputs/sac_3seed/task_3/seed_1/checkpoints_task_3/latest_checkpoint.pt
[ckpt] saved: /home/swagat/GIT/efficient_vla/outputs/sac_3seed/task_3/seed_1/checkpoints_task_3/checkpoint_ep_0064.pt
Ep 65: Reward: 16.42, Steps: 459
[progress] seed=1 [################--------] ep=66/100 success_mean20=0.900 success_mean=0.818
Ep 66: Reward: 16.88, Steps: 413
[progress] seed=1 [################--------] ep=67/100 success_mean20=0.900 success_mean=0.821
Ep 67: Reward: 17.11, Steps: 390
[progress] seed=1 [################--------] ep=68/100 success_mean20=0.900 success_mean=0.824
Ep 68: Reward: 16.78, Steps: 423
[progress] seed=1 [#################-------] ep=69/100 success_mean20=0.900 success_mean=0.826
Ep 69: Reward: 17.02, Steps: 399
[progress] seed=1 [#################-------] ep=70/100 success_mean20=0.900 success_mean=0.829
[ckpt] saved: /home/swagat/GIT/efficient_vla/outputs/sac_3seed/task_3/seed_1/checkpoints_task_3/latest_checkpoint.pt
[ckpt] saved: /home/swagat/GIT/efficient_vla/outputs/sac_3seed/task_3/seed_1/checkpoints_task_3/checkpoint_ep_0069.pt
Ep 70: Reward: 17.07, Steps: 394
[progress] seed=1 [#################-------] ep=71/100 success_mean20=0.900 success_mean=0.831
Ep 71: Reward: 15.83, Steps: 518
[progress] seed=1 [#################-------] ep=72/100 success_mean20=0.900 success_mean=0.833
Ep 72: Reward: 16.88, Steps: 413
[progress] seed=1 [##################------] ep=73/100 success_mean20=0.900 success_mean=0.836
Ep 73: Reward: 16.77, Steps: 424
[progress] seed=1 [##################------] ep=74/100 success_mean20=0.900 success_mean=0.838
Ep 74: Reward: -5.20, Steps: 520
[progress] seed=1 [##################------] ep=75/100 success_mean20=0.850 success_mean=0.827
[ckpt] saved: /home/swagat/GIT/efficient_vla/outputs/sac_3seed/task_3/seed_1/checkpoints_task_3/latest_checkpoint.pt
[ckpt] saved: /home/swagat/GIT/efficient_vla/outputs/sac_3seed/task_3/seed_1/checkpoints_task_3/checkpoint_ep_0074.pt
Ep 75: Reward: 16.67, Steps: 434
[progress] seed=1 [##################------] ep=76/100 success_mean20=0.850 success_mean=0.829
Ep 76: Reward: 16.15, Steps: 486
[progress] seed=1 [##################------] ep=77/100 success_mean20=0.900 success_mean=0.831
Ep 77: Reward: 17.30, Steps: 371
[progress] seed=1 [###################-----] ep=78/100 success_mean20=0.900 success_mean=0.833
Ep 78: Reward: 16.82, Steps: 419
[progress] seed=1 [###################-----] ep=79/100 success_mean20=0.950 success_mean=0.835
Ep 79: Reward: 16.93, Steps: 408
[progress] seed=1 [###################-----] ep=80/100 success_mean20=0.950 success_mean=0.838
[ckpt] saved: /home/swagat/GIT/efficient_vla/outputs/sac_3seed/task_3/seed_1/checkpoints_task_3/latest_checkpoint.pt
[ckpt] saved: /home/swagat/GIT/efficient_vla/outputs/sac_3seed/task_3/seed_1/checkpoints_task_3/checkpoint_ep_0079.pt
Ep 80: Reward: 16.72, Steps: 429
[progress] seed=1 [###################-----] ep=81/100 success_mean20=0.950 success_mean=0.840
Ep 81: Reward: 17.12, Steps: 389
[progress] seed=1 [####################----] ep=82/100 success_mean20=0.950 success_mean=0.841
Ep 82: Reward: -5.20, Steps: 520
[progress] seed=1 [####################----] ep=83/100 success_mean20=0.900 success_mean=0.831
Ep 83: Reward: -5.20, Steps: 520
[progress] seed=1 [####################----] ep=84/100 success_mean20=0.850 success_mean=0.821
Ep 84: Reward: 17.25, Steps: 376
[progress] seed=1 [####################----] ep=85/100 success_mean20=0.850 success_mean=0.824
[ckpt] saved: /home/swagat/GIT/efficient_vla/outputs/sac_3seed/task_3/seed_1/checkpoints_task_3/latest_checkpoint.pt
[ckpt] saved: /home/swagat/GIT/efficient_vla/outputs/sac_3seed/task_3/seed_1/checkpoints_task_3/checkpoint_ep_0084.pt
Ep 85: Reward: 17.63, Steps: 338
[progress] seed=1 [#####################---] ep=86/100 success_mean20=0.850 success_mean=0.826
Ep 86: Reward: 17.61, Steps: 340
[progress] seed=1 [#####################---] ep=87/100 success_mean20=0.850 success_mean=0.828
Ep 87: Reward: 17.18, Steps: 383
[progress] seed=1 [#####################---] ep=88/100 success_mean20=0.850 success_mean=0.830
Ep 88: Reward: 17.57, Steps: 344
[progress] seed=1 [#####################---] ep=89/100 success_mean20=0.850 success_mean=0.831
Ep 89: Reward: 16.60, Steps: 441
[progress] seed=1 [######################--] ep=90/100 success_mean20=0.850 success_mean=0.833
[ckpt] saved: /home/swagat/GIT/efficient_vla/outputs/sac_3seed/task_3/seed_1/checkpoints_task_3/latest_checkpoint.pt
[ckpt] saved: /home/swagat/GIT/efficient_vla/outputs/sac_3seed/task_3/seed_1/checkpoints_task_3/checkpoint_ep_0089.pt
Ep 90: Reward: 17.11, Steps: 390
[progress] seed=1 [######################--] ep=91/100 success_mean20=0.850 success_mean=0.835
Ep 91: Reward: 17.60, Steps: 341
[progress] seed=1 [######################--] ep=92/100 success_mean20=0.850 success_mean=0.837
Ep 92: Reward: 17.18, Steps: 383
[progress] seed=1 [######################--] ep=93/100 success_mean20=0.850 success_mean=0.839
Ep 93: Reward: -5.20, Steps: 520
[progress] seed=1 [#######################-] ep=94/100 success_mean20=0.800 success_mean=0.830
Ep 94: Reward: -5.20, Steps: 520
[progress] seed=1 [#######################-] ep=95/100 success_mean20=0.800 success_mean=0.821
[ckpt] saved: /home/swagat/GIT/efficient_vla/outputs/sac_3seed/task_3/seed_1/checkpoints_task_3/latest_checkpoint.pt
[ckpt] saved: /home/swagat/GIT/efficient_vla/outputs/sac_3seed/task_3/seed_1/checkpoints_task_3/checkpoint_ep_0094.pt
Ep 95: Reward: 17.78, Steps: 323
[progress] seed=1 [#######################-] ep=96/100 success_mean20=0.800 success_mean=0.823
Ep 96: Reward: 17.39, Steps: 362
[progress] seed=1 [#######################-] ep=97/100 success_mean20=0.800 success_mean=0.825
Ep 97: Reward: 17.03, Steps: 398
[progress] seed=1 [########################] ep=98/100 success_mean20=0.800 success_mean=0.827
Ep 98: Reward: 16.47, Steps: 454
[progress] seed=1 [########################] ep=99/100 success_mean20=0.800 success_mean=0.828
Ep 99: Reward: -5.20, Steps: 520
[progress] seed=1 [########################] ep=100/100 success_mean20=0.750 success_mean=0.820
[ckpt] saved: /home/swagat/GIT/efficient_vla/outputs/sac_3seed/task_3/seed_1/checkpoints_task_3/latest_checkpoint.pt
[ckpt] saved: /home/swagat/GIT/efficient_vla/outputs/sac_3seed/task_3/seed_1/checkpoints_task_3/checkpoint_ep_0099.pt
[ckpt] saved: /home/swagat/GIT/efficient_vla/outputs/sac_3seed/task_3/seed_1/checkpoints_task_3/latest_checkpoint.pt
[ckpt] saved: /home/swagat/GIT/efficient_vla/outputs/sac_3seed/task_3/seed_1/checkpoints_task_3/checkpoint_ep_0099.pt
--- Power Lock Released ---
--- Power profile restored to 'balanced' ---
[1;34mwandb[0m: 
[1;34mwandb[0m: 🚀 View run [33msac_task3_seed1[0m at: [34m[0m
[1;34mwandb[0m: Find logs at: [1;35mwandb/run-20260516_225612-koiiguul/logs[0m
