/home/swagat/anaconda3/envs/lerobot_v040/lib/python3.10/site-packages/pydantic/_internal/_generate_schema.py:2249: UnsupportedFieldAttributeWarning: The 'repr' attribute with value False was provided to the `Field()` function, which has no effect in the context it was used. 'repr' is field-specific metadata, and can only be attached to a model field using `Annotated` metadata or by assignment. This may have happened because an `Annotated` type alias using the `type` statement was used, or if the `Field()` function was attached to a single member of a union type.
  warnings.warn(
/home/swagat/anaconda3/envs/lerobot_v040/lib/python3.10/site-packages/pydantic/_internal/_generate_schema.py:2249: UnsupportedFieldAttributeWarning: The 'frozen' attribute with value True was provided to the `Field()` function, which has no effect in the context it was used. 'frozen' is field-specific metadata, and can only be attached to a model field using `Annotated` metadata or by assignment. This may have happened because an `Annotated` type alias using the `type` statement was used, or if the `Field()` function was attached to a single member of a union type.
  warnings.warn(
/home/swagat/anaconda3/envs/lerobot_v040/lib/python3.10/site-packages/timm/models/layers/__init__.py:49: DeprecationWarning: Importing from timm.models.layers is deprecated, please import via timm.layers
  warnings.warn(f"Importing from {__name__} is deprecated, please import via timm.layers", DeprecationWarning)
--- Power Lock Active: SAC Online RL ---
--- Power profile set to 'performance' (was 'performance') ---
[preset] Applied hard-task SAC preset.
[SACResidualVLA] Loading frozen base policy from: HuggingFaceVLA/smolvla_libero
Loading  HuggingFaceTB/SmolVLM2-500M-Instruct weights ...
`torch_dtype` is deprecated! Use `dtype` instead!
[SACResidualVLA] Initializing trainable residual actor and critics...
[info] using task orders [0, 1, 2, 3, 4, 5, 6, 7, 8, 9]
[alpha] auto tuning enabled, target_entropy=-7.000
[train] loaded checkpoint: /home/swagat/GIT/efficient_vla/outputs/sac_3seed/task_0/seed_1/checkpoints_task_0/latest_checkpoint.pt
[train] restored replay: buffer=256 success_buffer=0
[train] resume target_state_dict: restored from checkpoint
[train] resume alpha_state_dict: restored from checkpoint
[preflight] skipped because --resume_training is enabled
[wandb] using run_id=a052ua42
[wandb] project=efficient_vla_rl group=sac_task_0 name=sac_task0_seed1
wandb: Currently logged in as: swagatk to https://api.wandb.ai. Use `wandb login --relogin` to force relogin
/home/swagat/anaconda3/envs/lerobot_v040/lib/python3.10/site-packages/wandb/analytics/sentry.py:263: DeprecationWarning: The `Scope.user` setter is deprecated in favor of `Scope.set_user()`.
  self.scope.user = {"email": email}
wandb: creating run
/home/swagat/anaconda3/envs/lerobot_v040/lib/python3.10/site-packages/wandb/analytics/sentry.py:263: DeprecationWarning: The `Scope.user` setter is deprecated in favor of `Scope.set_user()`.
  self.scope.user = {"email": email}
wandb: Tracking run with wandb version 0.21.4
wandb: Run data is saved locally in /home/swagat/GIT/efficient_vla/wandb/run-20260519_215707-a052ua42
wandb: Run `wandb offline` to turn off syncing.
wandb: Resuming run sac_task0_seed1
wandb: ⭐️ View project at https://wandb.ai/swagatk/efficient_vla_rl
wandb: 🚀 View run at https://wandb.ai/swagatk/efficient_vla_rl/runs/a052ua42
Ep 45: Reward: -4.72, Steps: 520
[progress] seed=1 [###########-------------] ep=46/100 success_mean20=0.000 success_mean=0.000
Ep 46: Reward: -4.44, Steps: 520
[progress] seed=1 [###########-------------] ep=47/100 success_mean20=0.000 success_mean=0.000
Ep 47: Reward: 18.06, Steps: 472
[progress] seed=1 [############------------] ep=48/100 success_mean20=0.050 success_mean=0.021
Ep 48: Reward: -4.65, Steps: 520
[progress] seed=1 [############------------] ep=49/100 success_mean20=0.050 success_mean=0.020
Ep 49: Reward: -4.18, Steps: 520
[progress] seed=1 [############------------] ep=50/100 success_mean20=0.050 success_mean=0.020
[ckpt] saved: /home/swagat/GIT/efficient_vla/outputs/sac_3seed/task_0/seed_1/checkpoints_task_0/latest_checkpoint.pt
[ckpt] saved: /home/swagat/GIT/efficient_vla/outputs/sac_3seed/task_0/seed_1/checkpoints_task_0/checkpoint_ep_0049.pt
Ep 50: Reward: 0.07, Steps: 520
[progress] seed=1 [############------------] ep=51/100 success_mean20=0.050 success_mean=0.020
Ep 51: Reward: -4.65, Steps: 520
[progress] seed=1 [############------------] ep=52/100 success_mean20=0.050 success_mean=0.019
Ep 52: Reward: -4.10, Steps: 520
[progress] seed=1 [#############-----------] ep=53/100 success_mean20=0.050 success_mean=0.019
Ep 53: Reward: -4.63, Steps: 520
[progress] seed=1 [#############-----------] ep=54/100 success_mean20=0.050 success_mean=0.019
Ep 54: Reward: -4.49, Steps: 520
[progress] seed=1 [#############-----------] ep=55/100 success_mean20=0.050 success_mean=0.018
[ckpt] saved: /home/swagat/GIT/efficient_vla/outputs/sac_3seed/task_0/seed_1/checkpoints_task_0/latest_checkpoint.pt
[ckpt] saved: /home/swagat/GIT/efficient_vla/outputs/sac_3seed/task_0/seed_1/checkpoints_task_0/checkpoint_ep_0054.pt
Ep 55: Reward: 18.31, Steps: 420
[progress] seed=1 [#############-----------] ep=56/100 success_mean20=0.100 success_mean=0.036
Ep 56: Reward: -4.53, Steps: 520
[progress] seed=1 [##############----------] ep=57/100 success_mean20=0.100 success_mean=0.035
Ep 57: Reward: -4.89, Steps: 520
[progress] seed=1 [##############----------] ep=58/100 success_mean20=0.100 success_mean=0.034
Ep 58: Reward: -4.66, Steps: 520
[progress] seed=1 [##############----------] ep=59/100 success_mean20=0.100 success_mean=0.034
Ep 59: Reward: -3.95, Steps: 520
[progress] seed=1 [##############----------] ep=60/100 success_mean20=0.100 success_mean=0.033
[ckpt] saved: /home/swagat/GIT/efficient_vla/outputs/sac_3seed/task_0/seed_1/checkpoints_task_0/latest_checkpoint.pt
[ckpt] saved: /home/swagat/GIT/efficient_vla/outputs/sac_3seed/task_0/seed_1/checkpoints_task_0/checkpoint_ep_0059.pt
Ep 60: Reward: -4.33, Steps: 520
[progress] seed=1 [###############---------] ep=61/100 success_mean20=0.100 success_mean=0.033
Ep 61: Reward: -4.92, Steps: 520
[progress] seed=1 [###############---------] ep=62/100 success_mean20=0.100 success_mean=0.032
Ep 62: Reward: -4.67, Steps: 520
[progress] seed=1 [###############---------] ep=63/100 success_mean20=0.100 success_mean=0.032
Ep 63: Reward: 18.28, Steps: 372
[progress] seed=1 [###############---------] ep=64/100 success_mean20=0.150 success_mean=0.047
Ep 64: Reward: -4.25, Steps: 520
[progress] seed=1 [################--------] ep=65/100 success_mean20=0.150 success_mean=0.046
[ckpt] saved: /home/swagat/GIT/efficient_vla/outputs/sac_3seed/task_0/seed_1/checkpoints_task_0/latest_checkpoint.pt
[ckpt] saved: /home/swagat/GIT/efficient_vla/outputs/sac_3seed/task_0/seed_1/checkpoints_task_0/checkpoint_ep_0064.pt
Ep 65: Reward: -5.09, Steps: 520
[progress] seed=1 [################--------] ep=66/100 success_mean20=0.150 success_mean=0.045
Ep 66: Reward: -4.89, Steps: 520
[progress] seed=1 [################--------] ep=67/100 success_mean20=0.150 success_mean=0.045
Ep 67: Reward: -5.06, Steps: 520
[progress] seed=1 [################--------] ep=68/100 success_mean20=0.100 success_mean=0.044
Ep 68: Reward: -5.04, Steps: 520
[progress] seed=1 [#################-------] ep=69/100 success_mean20=0.100 success_mean=0.043
Ep 69: Reward: -2.33, Steps: 520
[progress] seed=1 [#################-------] ep=70/100 success_mean20=0.100 success_mean=0.043
[ckpt] saved: /home/swagat/GIT/efficient_vla/outputs/sac_3seed/task_0/seed_1/checkpoints_task_0/latest_checkpoint.pt
[ckpt] saved: /home/swagat/GIT/efficient_vla/outputs/sac_3seed/task_0/seed_1/checkpoints_task_0/checkpoint_ep_0069.pt
Ep 70: Reward: -4.76, Steps: 520
[progress] seed=1 [#################-------] ep=71/100 success_mean20=0.100 success_mean=0.042
Ep 71: Reward: -4.56, Steps: 520
[progress] seed=1 [#################-------] ep=72/100 success_mean20=0.100 success_mean=0.042
Ep 72: Reward: -5.26, Steps: 520
[progress] seed=1 [##################------] ep=73/100 success_mean20=0.100 success_mean=0.041
Ep 73: Reward: -4.48, Steps: 520
[progress] seed=1 [##################------] ep=74/100 success_mean20=0.100 success_mean=0.041
Ep 74: Reward: -4.91, Steps: 520
[progress] seed=1 [##################------] ep=75/100 success_mean20=0.100 success_mean=0.040
[ckpt] saved: /home/swagat/GIT/efficient_vla/outputs/sac_3seed/task_0/seed_1/checkpoints_task_0/latest_checkpoint.pt
[ckpt] saved: /home/swagat/GIT/efficient_vla/outputs/sac_3seed/task_0/seed_1/checkpoints_task_0/checkpoint_ep_0074.pt
Ep 75: Reward: -5.44, Steps: 520
[progress] seed=1 [##################------] ep=76/100 success_mean20=0.050 success_mean=0.039
Ep 76: Reward: -4.43, Steps: 520
[progress] seed=1 [##################------] ep=77/100 success_mean20=0.050 success_mean=0.039
Ep 77: Reward: -4.78, Steps: 520
[progress] seed=1 [###################-----] ep=78/100 success_mean20=0.050 success_mean=0.038
Ep 78: Reward: -4.77, Steps: 520
[progress] seed=1 [###################-----] ep=79/100 success_mean20=0.050 success_mean=0.038
Ep 79: Reward: -4.74, Steps: 520
[progress] seed=1 [###################-----] ep=80/100 success_mean20=0.050 success_mean=0.037
[ckpt] saved: /home/swagat/GIT/efficient_vla/outputs/sac_3seed/task_0/seed_1/checkpoints_task_0/latest_checkpoint.pt
[ckpt] saved: /home/swagat/GIT/efficient_vla/outputs/sac_3seed/task_0/seed_1/checkpoints_task_0/checkpoint_ep_0079.pt
Ep 80: Reward: -4.46, Steps: 520
[progress] seed=1 [###################-----] ep=81/100 success_mean20=0.050 success_mean=0.037
Ep 81: Reward: -4.85, Steps: 520
[progress] seed=1 [####################----] ep=82/100 success_mean20=0.050 success_mean=0.037
Ep 82: Reward: -3.69, Steps: 520
[progress] seed=1 [####################----] ep=83/100 success_mean20=0.050 success_mean=0.036
Ep 83: Reward: -4.40, Steps: 520
[progress] seed=1 [####################----] ep=84/100 success_mean20=0.000 success_mean=0.036
Ep 84: Reward: -4.71, Steps: 520
[progress] seed=1 [####################----] ep=85/100 success_mean20=0.000 success_mean=0.035
[ckpt] saved: /home/swagat/GIT/efficient_vla/outputs/sac_3seed/task_0/seed_1/checkpoints_task_0/latest_checkpoint.pt
[ckpt] saved: /home/swagat/GIT/efficient_vla/outputs/sac_3seed/task_0/seed_1/checkpoints_task_0/checkpoint_ep_0084.pt
Ep 85: Reward: -4.38, Steps: 520
[progress] seed=1 [#####################---] ep=86/100 success_mean20=0.000 success_mean=0.035
Ep 86: Reward: -4.52, Steps: 520
[progress] seed=1 [#####################---] ep=87/100 success_mean20=0.000 success_mean=0.034
Ep 87: Reward: -4.48, Steps: 520
[progress] seed=1 [#####################---] ep=88/100 success_mean20=0.000 success_mean=0.034
Ep 88: Reward: -4.74, Steps: 520
[progress] seed=1 [#####################---] ep=89/100 success_mean20=0.000 success_mean=0.034
Ep 89: Reward: -4.73, Steps: 520
[progress] seed=1 [######################--] ep=90/100 success_mean20=0.000 success_mean=0.033
[ckpt] saved: /home/swagat/GIT/efficient_vla/outputs/sac_3seed/task_0/seed_1/checkpoints_task_0/latest_checkpoint.pt
[ckpt] saved: /home/swagat/GIT/efficient_vla/outputs/sac_3seed/task_0/seed_1/checkpoints_task_0/checkpoint_ep_0089.pt
Ep 90: Reward: -4.28, Steps: 520
[progress] seed=1 [######################--] ep=91/100 success_mean20=0.000 success_mean=0.033
Ep 91: Reward: -4.48, Steps: 520
[progress] seed=1 [######################--] ep=92/100 success_mean20=0.000 success_mean=0.033
Ep 92: Reward: -4.64, Steps: 520
[progress] seed=1 [######################--] ep=93/100 success_mean20=0.000 success_mean=0.032
Ep 93: Reward: 17.03, Steps: 501
[progress] seed=1 [#######################-] ep=94/100 success_mean20=0.050 success_mean=0.043
Ep 94: Reward: -5.05, Steps: 520
[progress] seed=1 [#######################-] ep=95/100 success_mean20=0.050 success_mean=0.042
[ckpt] saved: /home/swagat/GIT/efficient_vla/outputs/sac_3seed/task_0/seed_1/checkpoints_task_0/latest_checkpoint.pt
[ckpt] saved: /home/swagat/GIT/efficient_vla/outputs/sac_3seed/task_0/seed_1/checkpoints_task_0/checkpoint_ep_0094.pt
Ep 95: Reward: -5.15, Steps: 520
[progress] seed=1 [#######################-] ep=96/100 success_mean20=0.050 success_mean=0.042
Ep 96: Reward: -4.66, Steps: 520
[progress] seed=1 [#######################-] ep=97/100 success_mean20=0.050 success_mean=0.041
Ep 97: Reward: -3.68, Steps: 520
[progress] seed=1 [########################] ep=98/100 success_mean20=0.050 success_mean=0.041
Ep 98: Reward: -4.51, Steps: 520
[progress] seed=1 [########################] ep=99/100 success_mean20=0.050 success_mean=0.040
Ep 99: Reward: -4.85, Steps: 520
[progress] seed=1 [########################] ep=100/100 success_mean20=0.050 success_mean=0.040
[ckpt] saved: /home/swagat/GIT/efficient_vla/outputs/sac_3seed/task_0/seed_1/checkpoints_task_0/latest_checkpoint.pt
[ckpt] saved: /home/swagat/GIT/efficient_vla/outputs/sac_3seed/task_0/seed_1/checkpoints_task_0/checkpoint_ep_0099.pt
[ckpt] saved: /home/swagat/GIT/efficient_vla/outputs/sac_3seed/task_0/seed_1/checkpoints_task_0/latest_checkpoint.pt
[ckpt] saved: /home/swagat/GIT/efficient_vla/outputs/sac_3seed/task_0/seed_1/checkpoints_task_0/checkpoint_ep_0099.pt
--- Power Lock Released ---
--- Power profile restored to 'performance' ---
[1;34mwandb[0m: 
[1;34mwandb[0m: 🚀 View run [33msac_task0_seed1[0m at: [34m[0m
[1;34mwandb[0m: Find logs at: [1;35mwandb/run-20260519_215707-a052ua42/logs[0m
